<?xml version="1.0" encoding="UTF-8"?>
<!-- Generated by org.testng.reporters.JUnitXMLReporter -->
<testsuite hostname="LAPTOP-34HA019L" ignored="0" name="Default test" tests="2" failures="0" timestamp="31 Jan 2022 01:56:55 GMT" time="17.236" errors="0">
  <testcase name="UserShouldBeAbleToAddCategory" time="6.724" classname="Test.DuplicatedCatagoryTest"/>
  <testcase name="UserShouldNotBeAbleToAddDublicteCategory" time="10.458" classname="Test.DuplicatedCatagoryTest"/>
</testsuite> <!-- Default test -->
