<?xml version="1.0" encoding="UTF-8"?>
<testng-results skipped="0" failed="0" ignored="0" total="2" passed="2">
  <reporter-output>
  </reporter-output>
  <suite name="Default suite" duration-ms="17236" started-at="2022-01-31T01:56:38Z" finished-at="2022-01-31T01:56:55Z">
    <groups>
    </groups>
    <test name="Default test" duration-ms="17236" started-at="2022-01-31T01:56:38Z" finished-at="2022-01-31T01:56:55Z">
      <class name="Test.DuplicatedCatagoryTest">
        <test-method status="PASS" signature="UserShouldBeAbleToAddCategory()[pri:1, instance:Test.DuplicatedCatagoryTest@2f177a4b]" name="UserShouldBeAbleToAddCategory" duration-ms="6724" started-at="2022-01-31T01:56:38Z" finished-at="2022-01-31T01:56:44Z">
          <reporter-output>
          </reporter-output>
        </test-method> <!-- UserShouldBeAbleToAddCategory -->
        <test-method status="PASS" signature="UserShouldNotBeAbleToAddDublicteCategory()[pri:2, instance:Test.DuplicatedCatagoryTest@2f177a4b]" name="UserShouldNotBeAbleToAddDublicteCategory" duration-ms="10458" started-at="2022-01-31T01:56:44Z" finished-at="2022-01-31T01:56:55Z">
          <reporter-output>
          </reporter-output>
        </test-method> <!-- UserShouldNotBeAbleToAddDublicteCategory -->
      </class> <!-- Test.DuplicatedCatagoryTest -->
    </test> <!-- Default test -->
  </suite> <!-- Default suite -->
</testng-results>
